[debug] [2020-09-16T18:20:25.739Z] ----------------------------------------------------------------------
[debug] [2020-09-16T18:20:25.759Z] Command:       C:\Program Files\nodejs\node.exe C:\Users\dhanu\AppData\Roaming\npm\node_modules\firebase-tools\lib\bin\firebase.js emulators:start
[debug] [2020-09-16T18:20:25.760Z] CLI Version:   8.10.0
[debug] [2020-09-16T18:20:25.761Z] Platform:      win32
[debug] [2020-09-16T18:20:25.761Z] Node Version:  v12.16.1
[debug] [2020-09-16T18:20:25.843Z] Time:          Wed Sep 16 2020 23:50:25 GMT+0530 (India Standard Time)
[debug] [2020-09-16T18:20:25.843Z] ----------------------------------------------------------------------
[debug] [2020-09-16T18:20:25.844Z] 
[debug] [2020-09-16T18:20:25.945Z] > command requires scopes: ["email","openid","https://www.googleapis.com/auth/cloudplatformprojects.readonly","https://www.googleapis.com/auth/firebase","https://www.googleapis.com/auth/cloud-platform"]
[debug] [2020-09-16T18:20:25.949Z] > authorizing via signed-in user
[info] i  emulators: Starting emulators: functions, hosting {"metadata":{"emulator":{"name":"hub"},"message":"Starting emulators: functions, hosting"}}
[debug] [2020-09-16T18:20:28.102Z] [hub] writing locator at C:\Users\dhanu\AppData\Local\Temp\hub-challenge-9f6b8.json
[warn] !  functions: The following emulators are not running, calls to these services from the Functions emulator will affect production: firestore, database, pubsub {"metadata":{"emulator":{"name":"functions"},"message":"The following emulators are not running, calls to these services from the Functions emulator will affect production: \u001b[1mfirestore, database, pubsub\u001b[22m"}}
[warn] !  Your requested "node" version "10" doesn't match your global version "12" {"metadata":{"emulator":{"name":"functions"},"message":"Your requested \"node\" version \"10\" doesn't match your global version \"12\""}}
[debug] [2020-09-16T18:20:30.958Z] defaultcredentials: writing to file C:\Users\dhanu\AppData\Roaming\firebase\dhanushmukhi_gmail_com_application_default_credentials.json
[debug] [2020-09-16T18:20:30.969Z] Setting GAC to C:\Users\dhanu\AppData\Roaming\firebase\dhanushmukhi_gmail_com_application_default_credentials.json {"metadata":{"emulator":{"name":"functions"},"message":"Setting GAC to C:\\Users\\dhanu\\AppData\\Roaming\\firebase\\dhanushmukhi_gmail_com_application_default_credentials.json"}}
[debug] [2020-09-16T18:20:33.080Z] > refreshing access token with scopes: ["email","https://www.googleapis.com/auth/cloud-platform","https://www.googleapis.com/auth/cloudplatformprojects.readonly","https://www.googleapis.com/auth/firebase","openid"]
[debug] [2020-09-16T18:20:33.081Z] >>> HTTP REQUEST POST https://www.googleapis.com/oauth2/v3/token  
 <request body omitted>
[debug] [2020-09-16T18:20:33.325Z] <<< HTTP RESPONSE 200 {"content-type":"application/json; charset=utf-8","vary":"X-Origin, Referer, Origin,Accept-Encoding","date":"Wed, 16 Sep 2020 18:20:34 GMT","server":"scaffolding on HTTPServer2","cache-control":"private","x-xss-protection":"0","x-frame-options":"SAMEORIGIN","x-content-type-options":"nosniff","alt-svc":"h3-29=\":443\"; ma=2592000,h3-27=\":443\"; ma=2592000,h3-T051=\":443\"; ma=2592000,h3-T050=\":443\"; ma=2592000,h3-Q050=\":443\"; ma=2592000,h3-Q046=\":443\"; ma=2592000,h3-Q043=\":443\"; ma=2592000,quic=\":443\"; ma=2592000; v=\"46,43\"","accept-ranges":"none","transfer-encoding":"chunked"}
[debug] [2020-09-16T18:20:33.401Z] >>> HTTP REQUEST GET https://firebase.googleapis.com/v1beta1/projects/challenge-9f6b8/webApps/-/config  
 
[debug] [2020-09-16T18:20:34.838Z] <<< HTTP RESPONSE 200 {"content-type":"application/json; charset=UTF-8","vary":"X-Origin, Referer, Origin,Accept-Encoding","date":"Wed, 16 Sep 2020 18:20:35 GMT","server":"ESF","cache-control":"private","x-xss-protection":"0","x-frame-options":"SAMEORIGIN","x-content-type-options":"nosniff","alt-svc":"h3-29=\":443\"; ma=2592000,h3-27=\":443\"; ma=2592000,h3-T051=\":443\"; ma=2592000,h3-T050=\":443\"; ma=2592000,h3-Q050=\":443\"; ma=2592000,h3-Q046=\":443\"; ma=2592000,h3-Q043=\":443\"; ma=2592000,quic=\":443\"; ma=2592000; v=\"46,43\"","accept-ranges":"none","transfer-encoding":"chunked"}
[info] i  hosting: Serving hosting files from: build {"metadata":{"emulator":{"name":"hosting"},"message":"Serving hosting files from: \u001b[1mbuild\u001b[22m"}}
[info] +  hosting: Local server: http://localhost:5000 {"metadata":{"emulator":{"name":"hosting"},"message":"Local server: \u001b[4m\u001b[1mhttp://localhost:5000\u001b[22m\u001b[24m"}}
[debug] [2020-09-16T18:20:40.112Z] Ignoring unsupported arg: auto_download {"metadata":{"emulator":{"name":"ui"},"message":"Ignoring unsupported arg: auto_download"}}
[debug] [2020-09-16T18:20:40.112Z] Ignoring unsupported arg: port {"metadata":{"emulator":{"name":"ui"},"message":"Ignoring unsupported arg: port"}}
[debug] [2020-09-16T18:20:40.113Z] Starting Emulator UI with command {"binary":"node","args":["C:\\Users\\dhanu\\.cache\\firebase\\emulators\\ui-v1.1.1\\server.bundle.js"],"optionalArgs":[],"joinArgs":false} {"metadata":{"emulator":{"name":"ui"},"message":"Starting Emulator UI with command {\"binary\":\"node\",\"args\":[\"C:\\\\Users\\\\dhanu\\\\.cache\\\\firebase\\\\emulators\\\\ui-v1.1.1\\\\server.bundle.js\"],\"optionalArgs\":[],\"joinArgs\":false}"}}
[info] i  ui: Emulator UI logging to ui-debug.log {"metadata":{"emulator":{"name":"ui"},"message":"Emulator UI logging to \u001b[1mui-debug.log\u001b[22m"}}
[debug] [2020-09-16T18:20:41.219Z] Web / API server started at http://localhost:4000
 {"metadata":{"emulator":{"name":"ui"},"message":"Web / API server started at http://localhost:4000\n"}}
[info] i  functions: Watching "C:\Coding Ninjas - Career Camp\React\ReactWS\amazon-clone\functions" for Cloud Functions... {"metadata":{"emulator":{"name":"functions"},"message":"Watching \"C:\\Coding Ninjas - Career Camp\\React\\ReactWS\\amazon-clone\\functions\" for Cloud Functions..."}}
[debug] [2020-09-16T18:20:41.764Z] [worker-pool] addWorker(~diagnostic~) {"metadata":{"emulator":{"name":"functions"},"message":"[worker-pool] addWorker(~diagnostic~)"}}
[debug] [2020-09-16T18:20:41.766Z] [worker-pool] Adding worker with key ~diagnostic~, total=1 {"metadata":{"emulator":{"name":"functions"},"message":"[worker-pool] Adding worker with key ~diagnostic~, total=1"}}
[debug] [2020-09-16T18:20:41.766Z] [worker-pool] submitWork(triggerId=) {"metadata":{"emulator":{"name":"functions"},"message":"[worker-pool] submitWork(triggerId=)"}}
[debug] [2020-09-16T18:20:41.768Z] [worker-~diagnostic~-8a6e6aeb-c442-4d06-ab54-d5e19ddbf2c9]: Assigning socketPath: \\?\pipe\C:\Coding Ninjas - Career Camp\React\ReactWS\amazon-clone\functions\21668 {"metadata":{"emulator":{"name":"functions"},"message":"[worker-~diagnostic~-8a6e6aeb-c442-4d06-ab54-d5e19ddbf2c9]: Assigning socketPath: \\\\?\\pipe\\C:\\Coding Ninjas - Career Camp\\React\\ReactWS\\amazon-clone\\functions\\21668"}}
[debug] [2020-09-16T18:20:41.769Z] [worker-~diagnostic~-8a6e6aeb-c442-4d06-ab54-d5e19ddbf2c9]: BUSY {"metadata":{"emulator":{"name":"functions"},"message":"[worker-~diagnostic~-8a6e6aeb-c442-4d06-ab54-d5e19ddbf2c9]: BUSY"}}
[debug] [2020-09-16T18:20:44.231Z] [runtime-status] [21668] Functions runtime initialized. {"cwd":"C:\\Coding Ninjas - Career Camp\\React\\ReactWS\\amazon-clone\\functions","node_version":"12.16.1"} {"metadata":{"emulator":{"name":"functions"},"message":"[runtime-status] [21668] Functions runtime initialized. {\"cwd\":\"C:\\\\Coding Ninjas - Career Camp\\\\React\\\\ReactWS\\\\amazon-clone\\\\functions\",\"node_version\":\"12.16.1\"}"}}
[debug] [2020-09-16T18:20:44.233Z] [runtime-status] [21668] Disabled runtime features: undefined {"metadata":{"emulator":{"name":"functions"},"message":"[runtime-status] [21668] Disabled runtime features: undefined"}}
[debug] [2020-09-16T18:20:44.325Z] [runtime-status] [21668] Resolved module firebase-admin {"declared":true,"installed":true,"version":"8.13.0","resolution":"C:\\Coding Ninjas - Career Camp\\React\\ReactWS\\amazon-clone\\functions\\node_modules\\firebase-admin\\lib\\index.js"} {"metadata":{"emulator":{"name":"functions"},"message":"[runtime-status] [21668] Resolved module firebase-admin {\"declared\":true,\"installed\":true,\"version\":\"8.13.0\",\"resolution\":\"C:\\\\Coding Ninjas - Career Camp\\\\React\\\\ReactWS\\\\amazon-clone\\\\functions\\\\node_modules\\\\firebase-admin\\\\lib\\\\index.js\"}"}}
[debug] [2020-09-16T18:20:44.409Z] [runtime-status] [21668] Resolved module firebase-functions {"declared":true,"installed":true,"version":"3.11.0","resolution":"C:\\Coding Ninjas - Career Camp\\React\\ReactWS\\amazon-clone\\functions\\node_modules\\firebase-functions\\lib\\index.js"} {"metadata":{"emulator":{"name":"functions"},"message":"[runtime-status] [21668] Resolved module firebase-functions {\"declared\":true,\"installed\":true,\"version\":\"3.11.0\",\"resolution\":\"C:\\\\Coding Ninjas - Career Camp\\\\React\\\\ReactWS\\\\amazon-clone\\\\functions\\\\node_modules\\\\firebase-functions\\\\lib\\\\index.js\"}"}}
[debug] [2020-09-16T18:20:44.419Z] [runtime-status] [21668] Resolved module firebase-functions {"declared":true,"installed":true,"version":"3.11.0","resolution":"C:\\Coding Ninjas - Career Camp\\React\\ReactWS\\amazon-clone\\functions\\node_modules\\firebase-functions\\lib\\index.js"} {"metadata":{"emulator":{"name":"functions"},"message":"[runtime-status] [21668] Resolved module firebase-functions {\"declared\":true,\"installed\":true,\"version\":\"3.11.0\",\"resolution\":\"C:\\\\Coding Ninjas - Career Camp\\\\React\\\\ReactWS\\\\amazon-clone\\\\functions\\\\node_modules\\\\firebase-functions\\\\lib\\\\index.js\"}"}}
[debug] [2020-09-16T18:20:44.425Z] [runtime-status] [21668] Outgoing network have been stubbed. [{"name":"http","status":"mocked"},{"name":"http","status":"mocked"},{"name":"https","status":"mocked"},{"name":"https","status":"mocked"},{"name":"net","status":"mocked"}] {"metadata":{"emulator":{"name":"functions"},"message":"[runtime-status] [21668] Outgoing network have been stubbed. [{\"name\":\"http\",\"status\":\"mocked\"},{\"name\":\"http\",\"status\":\"mocked\"},{\"name\":\"https\",\"status\":\"mocked\"},{\"name\":\"https\",\"status\":\"mocked\"},{\"name\":\"net\",\"status\":\"mocked\"}]"}}
[debug] [2020-09-16T18:20:44.428Z] [runtime-status] [21668] Resolved module firebase-functions {"declared":true,"installed":true,"version":"3.11.0","resolution":"C:\\Coding Ninjas - Career Camp\\React\\ReactWS\\amazon-clone\\functions\\node_modules\\firebase-functions\\lib\\index.js"} {"metadata":{"emulator":{"name":"functions"},"message":"[runtime-status] [21668] Resolved module firebase-functions {\"declared\":true,\"installed\":true,\"version\":\"3.11.0\",\"resolution\":\"C:\\\\Coding Ninjas - Career Camp\\\\React\\\\ReactWS\\\\amazon-clone\\\\functions\\\\node_modules\\\\firebase-functions\\\\lib\\\\index.js\"}"}}
[debug] [2020-09-16T18:20:46.502Z] [runtime-status] [21668] Checked functions.config() {"config":{}} {"metadata":{"emulator":{"name":"functions"},"message":"[runtime-status] [21668] Checked functions.config() {\"config\":{}}"}}
[debug] [2020-09-16T18:20:46.505Z] [runtime-status] [21668] firebase-functions has been stubbed. {"functionsResolution":{"declared":true,"installed":true,"version":"3.11.0","resolution":"C:\\Coding Ninjas - Career Camp\\React\\ReactWS\\amazon-clone\\functions\\node_modules\\firebase-functions\\lib\\index.js"}} {"metadata":{"emulator":{"name":"functions"},"message":"[runtime-status] [21668] firebase-functions has been stubbed. {\"functionsResolution\":{\"declared\":true,\"installed\":true,\"version\":\"3.11.0\",\"resolution\":\"C:\\\\Coding Ninjas - Career Camp\\\\React\\\\ReactWS\\\\amazon-clone\\\\functions\\\\node_modules\\\\firebase-functions\\\\lib\\\\index.js\"}}"}}
[debug] [2020-09-16T18:20:46.508Z] [runtime-status] [21668] Resolved module firebase-functions {"declared":true,"installed":true,"version":"3.11.0","resolution":"C:\\Coding Ninjas - Career Camp\\React\\ReactWS\\amazon-clone\\functions\\node_modules\\firebase-functions\\lib\\index.js"} {"metadata":{"emulator":{"name":"functions"},"message":"[runtime-status] [21668] Resolved module firebase-functions {\"declared\":true,\"installed\":true,\"version\":\"3.11.0\",\"resolution\":\"C:\\\\Coding Ninjas - Career Camp\\\\React\\\\ReactWS\\\\amazon-clone\\\\functions\\\\node_modules\\\\firebase-functions\\\\lib\\\\index.js\"}"}}
[debug] [2020-09-16T18:20:46.520Z] [runtime-status] [21668] Resolved module firebase-admin {"declared":true,"installed":true,"version":"8.13.0","resolution":"C:\\Coding Ninjas - Career Camp\\React\\ReactWS\\amazon-clone\\functions\\node_modules\\firebase-admin\\lib\\index.js"} {"metadata":{"emulator":{"name":"functions"},"message":"[runtime-status] [21668] Resolved module firebase-admin {\"declared\":true,\"installed\":true,\"version\":\"8.13.0\",\"resolution\":\"C:\\\\Coding Ninjas - Career Camp\\\\React\\\\ReactWS\\\\amazon-clone\\\\functions\\\\node_modules\\\\firebase-admin\\\\lib\\\\index.js\"}"}}
[debug] [2020-09-16T18:20:46.524Z] [runtime-status] [21668] Resolved module firebase-functions {"declared":true,"installed":true,"version":"3.11.0","resolution":"C:\\Coding Ninjas - Career Camp\\React\\ReactWS\\amazon-clone\\functions\\node_modules\\firebase-functions\\lib\\index.js"} {"metadata":{"emulator":{"name":"functions"},"message":"[runtime-status] [21668] Resolved module firebase-functions {\"declared\":true,\"installed\":true,\"version\":\"3.11.0\",\"resolution\":\"C:\\\\Coding Ninjas - Career Camp\\\\React\\\\ReactWS\\\\amazon-clone\\\\functions\\\\node_modules\\\\firebase-functions\\\\lib\\\\index.js\"}"}}
[debug] [2020-09-16T18:20:46.525Z] [runtime-status] [21668] firebase-admin has been stubbed. {"adminResolution":{"declared":true,"installed":true,"version":"8.13.0","resolution":"C:\\Coding Ninjas - Career Camp\\React\\ReactWS\\amazon-clone\\functions\\node_modules\\firebase-admin\\lib\\index.js"}} {"metadata":{"emulator":{"name":"functions"},"message":"[runtime-status] [21668] firebase-admin has been stubbed. {\"adminResolution\":{\"declared\":true,\"installed\":true,\"version\":\"8.13.0\",\"resolution\":\"C:\\\\Coding Ninjas - Career Camp\\\\React\\\\ReactWS\\\\amazon-clone\\\\functions\\\\node_modules\\\\firebase-admin\\\\lib\\\\index.js\"}}"}}
[info] +  functions[api]: http function initialized (http://localhost:5001/challenge-9f6b8/us-central1/api). {"metadata":{"emulator":{"name":"functions"},"message":"\u001b[1mhttp\u001b[22m function initialized (http://localhost:5001/challenge-9f6b8/us-central1/api)."}}
[info] 
┌───────────────────────────────────────────────────────────────────────┐
│ ✔  All emulators ready! View status and logs at http://localhost:4000 │
└───────────────────────────────────────────────────────────────────────┘

┌───────────┬────────────────┬─────────────────────────────────┐
│ Emulator  │ Host:Port      │ View in Emulator UI             │
├───────────┼────────────────┼─────────────────────────────────┤
│ Functions │ localhost:5001 │ http://localhost:4000/functions │
├───────────┼────────────────┼─────────────────────────────────┤
│ Hosting   │ localhost:5000 │ n/a                             │
└───────────┴────────────────┴─────────────────────────────────┘
  Other reserved ports: 4400, 4500

Issues? Report them at https://github.com/firebase/firebase-tools/issues and attach the *-debug.log files.
 
[debug] [2020-09-16T18:20:52.321Z] [worker-~diagnostic~-8a6e6aeb-c442-4d06-ab54-d5e19ddbf2c9]: IDLE {"metadata":{"emulator":{"name":"functions"},"message":"[worker-~diagnostic~-8a6e6aeb-c442-4d06-ab54-d5e19ddbf2c9]: IDLE"}}
[debug] [2020-09-16T19:16:15.178Z] [work-queue] {"queueLength":1,"workRunningCount":0}
[debug] [2020-09-16T19:16:15.179Z] [work-queue] {"queueLength":0,"workRunningCount":1}
[debug] [2020-09-16T19:16:15.181Z] Accepted request POST /challenge-9f6b8/us-central1/api/payments/create?total=1469457 --> api
[debug] [2020-09-16T19:16:15.332Z] [worker-pool] addWorker(api) {"metadata":{"emulator":{"name":"functions"},"message":"[worker-pool] addWorker(api)"}}
[debug] [2020-09-16T19:16:15.333Z] [worker-pool] Adding worker with key api, total=1 {"metadata":{"emulator":{"name":"functions"},"message":"[worker-pool] Adding worker with key api, total=1"}}
[debug] [2020-09-16T19:16:15.334Z] [worker-pool] submitWork(triggerId=api) {"metadata":{"emulator":{"name":"functions"},"message":"[worker-pool] submitWork(triggerId=api)"}}
[debug] [2020-09-16T19:16:15.334Z] [worker-api-401196e3-aeb9-42f0-88b3-26f53660be71]: Assigning socketPath: \\?\pipe\C:\Coding Ninjas - Career Camp\React\ReactWS\amazon-clone\functions\25764 {"metadata":{"emulator":{"name":"functions"},"message":"[worker-api-401196e3-aeb9-42f0-88b3-26f53660be71]: Assigning socketPath: \\\\?\\pipe\\C:\\Coding Ninjas - Career Camp\\React\\ReactWS\\amazon-clone\\functions\\25764"}}
[debug] [2020-09-16T19:16:15.334Z] [worker-api-401196e3-aeb9-42f0-88b3-26f53660be71]: BUSY {"metadata":{"emulator":{"name":"functions"},"message":"[worker-api-401196e3-aeb9-42f0-88b3-26f53660be71]: BUSY"}}
[debug] [2020-09-16T19:16:26.787Z] [runtime-status] [25764] Functions runtime initialized. {"cwd":"C:\\Coding Ninjas - Career Camp\\React\\ReactWS\\amazon-clone\\functions","node_version":"12.16.1"} {"metadata":{"emulator":{"name":"functions"},"function":{"name":"api"},"message":"[runtime-status] [25764] Functions runtime initialized. {\"cwd\":\"C:\\\\Coding Ninjas - Career Camp\\\\React\\\\ReactWS\\\\amazon-clone\\\\functions\",\"node_version\":\"12.16.1\"}"}}
[debug] [2020-09-16T19:16:26.798Z] [runtime-status] [25764] Disabled runtime features: undefined {"metadata":{"emulator":{"name":"functions"},"function":{"name":"api"},"message":"[runtime-status] [25764] Disabled runtime features: undefined"}}
[debug] [2020-09-16T19:16:26.881Z] [runtime-status] [25764] Resolved module firebase-admin {"declared":true,"installed":true,"version":"8.13.0","resolution":"C:\\Coding Ninjas - Career Camp\\React\\ReactWS\\amazon-clone\\functions\\node_modules\\firebase-admin\\lib\\index.js"} {"metadata":{"emulator":{"name":"functions"},"function":{"name":"api"},"message":"[runtime-status] [25764] Resolved module firebase-admin {\"declared\":true,\"installed\":true,\"version\":\"8.13.0\",\"resolution\":\"C:\\\\Coding Ninjas - Career Camp\\\\React\\\\ReactWS\\\\amazon-clone\\\\functions\\\\node_modules\\\\firebase-admin\\\\lib\\\\index.js\"}"}}
[debug] [2020-09-16T19:16:26.902Z] [runtime-status] [25764] Resolved module firebase-functions {"declared":true,"installed":true,"version":"3.11.0","resolution":"C:\\Coding Ninjas - Career Camp\\React\\ReactWS\\amazon-clone\\functions\\node_modules\\firebase-functions\\lib\\index.js"} {"metadata":{"emulator":{"name":"functions"},"function":{"name":"api"},"message":"[runtime-status] [25764] Resolved module firebase-functions {\"declared\":true,\"installed\":true,\"version\":\"3.11.0\",\"resolution\":\"C:\\\\Coding Ninjas - Career Camp\\\\React\\\\ReactWS\\\\amazon-clone\\\\functions\\\\node_modules\\\\firebase-functions\\\\lib\\\\index.js\"}"}}
[debug] [2020-09-16T19:16:26.906Z] [runtime-status] [25764] Resolved module firebase-functions {"declared":true,"installed":true,"version":"3.11.0","resolution":"C:\\Coding Ninjas - Career Camp\\React\\ReactWS\\amazon-clone\\functions\\node_modules\\firebase-functions\\lib\\index.js"} {"metadata":{"emulator":{"name":"functions"},"function":{"name":"api"},"message":"[runtime-status] [25764] Resolved module firebase-functions {\"declared\":true,\"installed\":true,\"version\":\"3.11.0\",\"resolution\":\"C:\\\\Coding Ninjas - Career Camp\\\\React\\\\ReactWS\\\\amazon-clone\\\\functions\\\\node_modules\\\\firebase-functions\\\\lib\\\\index.js\"}"}}
[debug] [2020-09-16T19:16:26.911Z] [runtime-status] [25764] Outgoing network have been stubbed. [{"name":"http","status":"mocked"},{"name":"http","status":"mocked"},{"name":"https","status":"mocked"},{"name":"https","status":"mocked"},{"name":"net","status":"mocked"}] {"metadata":{"emulator":{"name":"functions"},"function":{"name":"api"},"message":"[runtime-status] [25764] Outgoing network have been stubbed. [{\"name\":\"http\",\"status\":\"mocked\"},{\"name\":\"http\",\"status\":\"mocked\"},{\"name\":\"https\",\"status\":\"mocked\"},{\"name\":\"https\",\"status\":\"mocked\"},{\"name\":\"net\",\"status\":\"mocked\"}]"}}
[debug] [2020-09-16T19:16:26.914Z] [runtime-status] [25764] Resolved module firebase-functions {"declared":true,"installed":true,"version":"3.11.0","resolution":"C:\\Coding Ninjas - Career Camp\\React\\ReactWS\\amazon-clone\\functions\\node_modules\\firebase-functions\\lib\\index.js"} {"metadata":{"emulator":{"name":"functions"},"function":{"name":"api"},"message":"[runtime-status] [25764] Resolved module firebase-functions {\"declared\":true,\"installed\":true,\"version\":\"3.11.0\",\"resolution\":\"C:\\\\Coding Ninjas - Career Camp\\\\React\\\\ReactWS\\\\amazon-clone\\\\functions\\\\node_modules\\\\firebase-functions\\\\lib\\\\index.js\"}"}}
[debug] [2020-09-16T19:16:28.211Z] [runtime-status] [25764] Checked functions.config() {"config":{}} {"metadata":{"emulator":{"name":"functions"},"function":{"name":"api"},"message":"[runtime-status] [25764] Checked functions.config() {\"config\":{}}"}}
[debug] [2020-09-16T19:16:28.212Z] [runtime-status] [25764] firebase-functions has been stubbed. {"functionsResolution":{"declared":true,"installed":true,"version":"3.11.0","resolution":"C:\\Coding Ninjas - Career Camp\\React\\ReactWS\\amazon-clone\\functions\\node_modules\\firebase-functions\\lib\\index.js"}} {"metadata":{"emulator":{"name":"functions"},"function":{"name":"api"},"message":"[runtime-status] [25764] firebase-functions has been stubbed. {\"functionsResolution\":{\"declared\":true,\"installed\":true,\"version\":\"3.11.0\",\"resolution\":\"C:\\\\Coding Ninjas - Career Camp\\\\React\\\\ReactWS\\\\amazon-clone\\\\functions\\\\node_modules\\\\firebase-functions\\\\lib\\\\index.js\"}}"}}
[debug] [2020-09-16T19:16:28.215Z] [runtime-status] [25764] Resolved module firebase-functions {"declared":true,"installed":true,"version":"3.11.0","resolution":"C:\\Coding Ninjas - Career Camp\\React\\ReactWS\\amazon-clone\\functions\\node_modules\\firebase-functions\\lib\\index.js"} {"metadata":{"emulator":{"name":"functions"},"function":{"name":"api"},"message":"[runtime-status] [25764] Resolved module firebase-functions {\"declared\":true,\"installed\":true,\"version\":\"3.11.0\",\"resolution\":\"C:\\\\Coding Ninjas - Career Camp\\\\React\\\\ReactWS\\\\amazon-clone\\\\functions\\\\node_modules\\\\firebase-functions\\\\lib\\\\index.js\"}"}}
[debug] [2020-09-16T19:16:28.225Z] [runtime-status] [25764] Resolved module firebase-admin {"declared":true,"installed":true,"version":"8.13.0","resolution":"C:\\Coding Ninjas - Career Camp\\React\\ReactWS\\amazon-clone\\functions\\node_modules\\firebase-admin\\lib\\index.js"} {"metadata":{"emulator":{"name":"functions"},"function":{"name":"api"},"message":"[runtime-status] [25764] Resolved module firebase-admin {\"declared\":true,\"installed\":true,\"version\":\"8.13.0\",\"resolution\":\"C:\\\\Coding Ninjas - Career Camp\\\\React\\\\ReactWS\\\\amazon-clone\\\\functions\\\\node_modules\\\\firebase-admin\\\\lib\\\\index.js\"}"}}
[debug] [2020-09-16T19:16:28.228Z] [runtime-status] [25764] Resolved module firebase-functions {"declared":true,"installed":true,"version":"3.11.0","resolution":"C:\\Coding Ninjas - Career Camp\\React\\ReactWS\\amazon-clone\\functions\\node_modules\\firebase-functions\\lib\\index.js"} {"metadata":{"emulator":{"name":"functions"},"function":{"name":"api"},"message":"[runtime-status] [25764] Resolved module firebase-functions {\"declared\":true,\"installed\":true,\"version\":\"3.11.0\",\"resolution\":\"C:\\\\Coding Ninjas - Career Camp\\\\React\\\\ReactWS\\\\amazon-clone\\\\functions\\\\node_modules\\\\firebase-functions\\\\lib\\\\index.js\"}"}}
[debug] [2020-09-16T19:16:28.229Z] [runtime-status] [25764] firebase-admin has been stubbed. {"adminResolution":{"declared":true,"installed":true,"version":"8.13.0","resolution":"C:\\Coding Ninjas - Career Camp\\React\\ReactWS\\amazon-clone\\functions\\node_modules\\firebase-admin\\lib\\index.js"}} {"metadata":{"emulator":{"name":"functions"},"function":{"name":"api"},"message":"[runtime-status] [25764] firebase-admin has been stubbed. {\"adminResolution\":{\"declared\":true,\"installed\":true,\"version\":\"8.13.0\",\"resolution\":\"C:\\\\Coding Ninjas - Career Camp\\\\React\\\\ReactWS\\\\amazon-clone\\\\functions\\\\node_modules\\\\firebase-admin\\\\lib\\\\index.js\"}}"}}
[debug] [2020-09-16T19:16:32.460Z] [runtime-status] [25764] Trigger "api" has been found, beginning invocation! {"metadata":{"emulator":{"name":"functions"},"function":{"name":"api"},"message":"[runtime-status] [25764] Trigger \"api\" has been found, beginning invocation!"}}
[info] i  functions: Beginning execution of "api" {"metadata":{"emulator":{"name":"functions"},"function":{"name":"api"},"message":"Beginning execution of \"api\""}}
[debug] [2020-09-16T19:16:32.466Z] [runtime-status] [25764] triggerDefinition {"httpsTrigger":{},"name":"api","entryPoint":"api"} {"metadata":{"emulator":{"name":"functions"},"function":{"name":"api"},"message":"[runtime-status] [25764] triggerDefinition {\"httpsTrigger\":{},\"name\":\"api\",\"entryPoint\":\"api\"}"}}
[debug] [2020-09-16T19:16:32.467Z] [runtime-status] [25764] Running api in mode HTTPS {"metadata":{"emulator":{"name":"functions"},"function":{"name":"api"},"message":"[runtime-status] [25764] Running api in mode HTTPS"}}
[debug] [2020-09-16T19:16:32.512Z] [runtime-status] [25764] Attempting to listen to socketPath: \\?\pipe\C:\Coding Ninjas - Career Camp\React\ReactWS\amazon-clone\functions\25764 {"metadata":{"emulator":{"name":"functions"},"function":{"name":"api"},"message":"[runtime-status] [25764] Attempting to listen to socketPath: \\\\?\\pipe\\C:\\Coding Ninjas - Career Camp\\React\\ReactWS\\amazon-clone\\functions\\25764"}}
[debug] [2020-09-16T19:16:32.630Z] [functions] Runtime ready! Sending request! {"metadata":{"emulator":{"name":"functions"},"message":"[functions] Runtime ready! Sending request!"}}
[debug] [2020-09-16T19:16:32.670Z] [runtime-status] [25764] Ephemeral server handling POST request {"metadata":{"emulator":{"name":"functions"},"function":{"name":"api"},"message":"[runtime-status] [25764] Ephemeral server handling POST request"}}
[info] >  Payment Request Recieved BOOM!!! for this amount >>>  1469457 {"user":"Payment Request Recieved BOOM!!! for this amount >>>  1469457","metadata":{"emulator":{"name":"functions"},"function":{"name":"api"},"message":"\u001b[90m> \u001b[39m Payment Request Recieved BOOM!!! for this amount >>>  1469457"}}
[debug] [2020-09-16T19:16:32.827Z] [runtime-status] [25764] Ephemeral server survived. {"metadata":{"emulator":{"name":"functions"},"function":{"name":"api"},"message":"[runtime-status] [25764] Ephemeral server survived."}}
[info] i  functions: Finished "api" in ~2s {"metadata":{"emulator":{"name":"functions"},"function":{"name":"api"},"message":"Finished \"api\" in ~2s"}}
[debug] [2020-09-16T19:16:35.127Z] [worker-api-401196e3-aeb9-42f0-88b3-26f53660be71]: IDLE {"metadata":{"emulator":{"name":"functions"},"message":"[worker-api-401196e3-aeb9-42f0-88b3-26f53660be71]: IDLE"}}
[debug] [2020-09-16T19:16:35.128Z] [work-queue] {"queueLength":0,"workRunningCount":0}
[debug] [2020-09-16T19:17:01.793Z] [work-queue] {"queueLength":1,"workRunningCount":0}
[debug] [2020-09-16T19:17:01.793Z] [work-queue] {"queueLength":0,"workRunningCount":1}
[debug] [2020-09-16T19:17:01.793Z] Accepted request POST /challenge-9f6b8/us-central1/api/payments/create?total=0 --> api
[debug] [2020-09-16T19:17:01.794Z] [worker-pool] submitWork(triggerId=api) {"metadata":{"emulator":{"name":"functions"},"message":"[worker-pool] submitWork(triggerId=api)"}}
[debug] [2020-09-16T19:17:01.794Z] [worker-api-401196e3-aeb9-42f0-88b3-26f53660be71]: Assigning socketPath: \\?\pipe\C:\Coding Ninjas - Career Camp\React\ReactWS\amazon-clone\functions\25764 {"metadata":{"emulator":{"name":"functions"},"message":"[worker-api-401196e3-aeb9-42f0-88b3-26f53660be71]: Assigning socketPath: \\\\?\\pipe\\C:\\Coding Ninjas - Career Camp\\React\\ReactWS\\amazon-clone\\functions\\25764"}}
[debug] [2020-09-16T19:17:01.794Z] [worker-api-401196e3-aeb9-42f0-88b3-26f53660be71]: BUSY {"metadata":{"emulator":{"name":"functions"},"message":"[worker-api-401196e3-aeb9-42f0-88b3-26f53660be71]: BUSY"}}
[debug] [2020-09-16T19:17:01.796Z] [runtime-status] [25764] Trigger "api" has been found, beginning invocation! {"metadata":{"emulator":{"name":"functions"},"function":{"name":"api"},"message":"[runtime-status] [25764] Trigger \"api\" has been found, beginning invocation!"}}
[info] i  functions: Beginning execution of "api" {"metadata":{"emulator":{"name":"functions"},"function":{"name":"api"},"message":"Beginning execution of \"api\""}}
[debug] [2020-09-16T19:17:01.801Z] [runtime-status] [25764] triggerDefinition {"httpsTrigger":{},"name":"api","entryPoint":"api"} {"metadata":{"emulator":{"name":"functions"},"function":{"name":"api"},"message":"[runtime-status] [25764] triggerDefinition {\"httpsTrigger\":{},\"name\":\"api\",\"entryPoint\":\"api\"}"}}
[debug] [2020-09-16T19:17:01.801Z] [runtime-status] [25764] Running api in mode HTTPS {"metadata":{"emulator":{"name":"functions"},"function":{"name":"api"},"message":"[runtime-status] [25764] Running api in mode HTTPS"}}
[debug] [2020-09-16T19:17:01.802Z] [runtime-status] [25764] Attempting to listen to socketPath: \\?\pipe\C:\Coding Ninjas - Career Camp\React\ReactWS\amazon-clone\functions\25764 {"metadata":{"emulator":{"name":"functions"},"function":{"name":"api"},"message":"[runtime-status] [25764] Attempting to listen to socketPath: \\\\?\\pipe\\C:\\Coding Ninjas - Career Camp\\React\\ReactWS\\amazon-clone\\functions\\25764"}}
[debug] [2020-09-16T19:17:01.806Z] [functions] Runtime ready! Sending request! {"metadata":{"emulator":{"name":"functions"},"message":"[functions] Runtime ready! Sending request!"}}
[debug] [2020-09-16T19:17:01.818Z] [runtime-status] [25764] Ephemeral server handling POST request {"metadata":{"emulator":{"name":"functions"},"function":{"name":"api"},"message":"[runtime-status] [25764] Ephemeral server handling POST request"}}
[info] >  Payment Request Recieved BOOM!!! for this amount >>>  0 {"user":"Payment Request Recieved BOOM!!! for this amount >>>  0","metadata":{"emulator":{"name":"functions"},"function":{"name":"api"},"message":"\u001b[90m> \u001b[39m Payment Request Recieved BOOM!!! for this amount >>>  0"}}
[debug] [2020-09-16T19:17:01.825Z] [runtime-status] [25764] Ephemeral server survived. {"metadata":{"emulator":{"name":"functions"},"function":{"name":"api"},"message":"[runtime-status] [25764] Ephemeral server survived."}}
[info] >  (node:25764) UnhandledPromiseRejectionWarning: Error: This value must be greater than or equal to 1. {"user":"(node:25764) UnhandledPromiseRejectionWarning: Error: This value must be greater than or equal to 1.","metadata":{"emulator":{"name":"functions"},"function":{"name":"api"},"message":"\u001b[90m> \u001b[39m (node:25764) UnhandledPromiseRejectionWarning: Error: This value must be greater than or equal to 1."}}
[info] >      at Function.generate (C:\Coding Ninjas - Career Camp\React\ReactWS\amazon-clone\functions\node_modules\stripe\lib\Error.js:39:16) {"user":"    at Function.generate (C:\\Coding Ninjas - Career Camp\\React\\ReactWS\\amazon-clone\\functions\\node_modules\\stripe\\lib\\Error.js:39:16)","metadata":{"emulator":{"name":"functions"},"function":{"name":"api"},"message":"\u001b[90m> \u001b[39m     at Function.generate (C:\\Coding Ninjas - Career Camp\\React\\ReactWS\\amazon-clone\\functions\\node_modules\\stripe\\lib\\Error.js:39:16)"}}
[info] >      at IncomingMessage.<anonymous> (C:\Coding Ninjas - Career Camp\React\ReactWS\amazon-clone\functions\node_modules\stripe\lib\StripeResource.js:190:33) {"user":"    at IncomingMessage.<anonymous> (C:\\Coding Ninjas - Career Camp\\React\\ReactWS\\amazon-clone\\functions\\node_modules\\stripe\\lib\\StripeResource.js:190:33)","metadata":{"emulator":{"name":"functions"},"function":{"name":"api"},"message":"\u001b[90m> \u001b[39m     at IncomingMessage.<anonymous> (C:\\Coding Ninjas - Career Camp\\React\\ReactWS\\amazon-clone\\functions\\node_modules\\stripe\\lib\\StripeResource.js:190:33)"}}
[info] >      at Object.onceWrapper (events.js:417:28) {"user":"    at Object.onceWrapper (events.js:417:28)","metadata":{"emulator":{"name":"functions"},"function":{"name":"api"},"message":"\u001b[90m> \u001b[39m     at Object.onceWrapper (events.js:417:28)"}}
[info] >      at IncomingMessage.emit (events.js:323:22) {"user":"    at IncomingMessage.emit (events.js:323:22)","metadata":{"emulator":{"name":"functions"},"function":{"name":"api"},"message":"\u001b[90m> \u001b[39m     at IncomingMessage.emit (events.js:323:22)"}}
[info] >      at endReadableNT (_stream_readable.js:1204:12) {"user":"    at endReadableNT (_stream_readable.js:1204:12)","metadata":{"emulator":{"name":"functions"},"function":{"name":"api"},"message":"\u001b[90m> \u001b[39m     at endReadableNT (_stream_readable.js:1204:12)"}}
[info] >      at processTicksAndRejections (internal/process/task_queues.js:84:21) {"user":"    at processTicksAndRejections (internal/process/task_queues.js:84:21)","metadata":{"emulator":{"name":"functions"},"function":{"name":"api"},"message":"\u001b[90m> \u001b[39m     at processTicksAndRejections (internal/process/task_queues.js:84:21)"}}
[info] >  (node:25764) UnhandledPromiseRejectionWarning: Unhandled promise rejection. This error originated either by throwing inside of an async function without a catch block, or by rejecting a promise which was not handled with .catch(). To terminate the node process on unhandled promise rejection, use the CLI flag `--unhandled-rejections=strict` (see https://nodejs.org/api/cli.html#cli_unhandled_rejections_mode). (rejection id: 1) {"user":"(node:25764) UnhandledPromiseRejectionWarning: Unhandled promise rejection. This error originated either by throwing inside of an async function without a catch block, or by rejecting a promise which was not handled with .catch(). To terminate the node process on unhandled promise rejection, use the CLI flag `--unhandled-rejections=strict` (see https://nodejs.org/api/cli.html#cli_unhandled_rejections_mode). (rejection id: 1)","metadata":{"emulator":{"name":"functions"},"function":{"name":"api"},"message":"\u001b[90m> \u001b[39m (node:25764) UnhandledPromiseRejectionWarning: Unhandled promise rejection. This error originated either by throwing inside of an async function without a catch block, or by rejecting a promise which was not handled with .catch(). To terminate the node process on unhandled promise rejection, use the CLI flag `--unhandled-rejections=strict` (see https://nodejs.org/api/cli.html#cli_unhandled_rejections_mode). (rejection id: 1)"}}
[info] >  (node:25764) [DEP0018] DeprecationWarning: Unhandled promise rejections are deprecated. In the future, promise rejections that are not handled will terminate the Node.js process with a non-zero exit code. {"user":"(node:25764) [DEP0018] DeprecationWarning: Unhandled promise rejections are deprecated. In the future, promise rejections that are not handled will terminate the Node.js process with a non-zero exit code.","metadata":{"emulator":{"name":"functions"},"function":{"name":"api"},"message":"\u001b[90m> \u001b[39m (node:25764) [DEP0018] DeprecationWarning: Unhandled promise rejections are deprecated. In the future, promise rejections that are not handled will terminate the Node.js process with a non-zero exit code."}}
[warn] !  functions: Your function timed out after ~60s. To configure this timeout, see
      https://firebase.google.com/docs/functions/manage-functions#set_timeout_and_memory_allocation. {"metadata":{"emulator":{"name":"functions"},"function":{"name":"api"},"message":"Your function timed out after ~60s. To configure this timeout, see\n      https://firebase.google.com/docs/functions/manage-functions#set_timeout_and_memory_allocation."}}
[info] >  C:\Users\dhanu\AppData\Roaming\npm\node_modules\firebase-tools\lib\emulator\functionsEmulatorRuntime.js:642 {"user":"C:\\Users\\dhanu\\AppData\\Roaming\\npm\\node_modules\\firebase-tools\\lib\\emulator\\functionsEmulatorRuntime.js:642\r","metadata":{"emulator":{"name":"functions"},"function":{"name":"api"},"message":"\u001b[90m> \u001b[39m C:\\Users\\dhanu\\AppData\\Roaming\\npm\\node_modules\\firebase-tools\\lib\\emulator\\functionsEmulatorRuntime.js:642\r"}}
[info] >                  throw new Error("Function timed out."); {"user":"                throw new Error(\"Function timed out.\");\r","metadata":{"emulator":{"name":"functions"},"function":{"name":"api"},"message":"\u001b[90m> \u001b[39m                 throw new Error(\"Function timed out.\");\r"}}
[info] >                  ^ {"user":"                ^\r","metadata":{"emulator":{"name":"functions"},"function":{"name":"api"},"message":"\u001b[90m> \u001b[39m                 ^\r"}}
[info] >   {"user":"\r","metadata":{"emulator":{"name":"functions"},"function":{"name":"api"},"message":"\u001b[90m> \u001b[39m \r"}}
[info] >  Error: Function timed out. {"user":"Error: Function timed out.\r","metadata":{"emulator":{"name":"functions"},"function":{"name":"api"},"message":"\u001b[90m> \u001b[39m Error: Function timed out.\r"}}
[info] >      at Timeout._onTimeout (C:\Users\dhanu\AppData\Roaming\npm\node_modules\firebase-tools\lib\emulator\functionsEmulatorRuntime.js:642:23) {"user":"    at Timeout._onTimeout (C:\\Users\\dhanu\\AppData\\Roaming\\npm\\node_modules\\firebase-tools\\lib\\emulator\\functionsEmulatorRuntime.js:642:23)\r","metadata":{"emulator":{"name":"functions"},"function":{"name":"api"},"message":"\u001b[90m> \u001b[39m     at Timeout._onTimeout (C:\\Users\\dhanu\\AppData\\Roaming\\npm\\node_modules\\firebase-tools\\lib\\emulator\\functionsEmulatorRuntime.js:642:23)\r"}}
[info] >      at listOnTimeout (internal/timers.js:549:17) {"user":"    at listOnTimeout (internal/timers.js:549:17)\r","metadata":{"emulator":{"name":"functions"},"function":{"name":"api"},"message":"\u001b[90m> \u001b[39m     at listOnTimeout (internal/timers.js:549:17)\r"}}
[info] >      at processTimers (internal/timers.js:492:7) {"user":"    at processTimers (internal/timers.js:492:7)\r","metadata":{"emulator":{"name":"functions"},"function":{"name":"api"},"message":"\u001b[90m> \u001b[39m     at processTimers (internal/timers.js:492:7)\r"}}
[debug] [2020-09-16T19:18:02.370Z] [worker-api-401196e3-aeb9-42f0-88b3-26f53660be71]: exited {"metadata":{"emulator":{"name":"functions"},"message":"[worker-api-401196e3-aeb9-42f0-88b3-26f53660be71]: exited"}}
[debug] [2020-09-16T19:18:02.371Z] [worker-api-401196e3-aeb9-42f0-88b3-26f53660be71]: FINISHED {"metadata":{"emulator":{"name":"functions"},"message":"[worker-api-401196e3-aeb9-42f0-88b3-26f53660be71]: FINISHED"}}
[debug] [2020-09-16T19:18:02.371Z] [work-queue] {"queueLength":0,"workRunningCount":0}
